%このファイルは日本語文字を含みます.
\BOOKMARK [1][]{section.0.1}{\376\377\0000\000.\0001\000\040\000N\000o\000t\000a\000t\000i\000o\000n\000s\000,\000\040\000C\000o\000n\000v\000e\000n\000t\000i\000o\000n\000s}{}% 1
\BOOKMARK [0][]{chapter.1}{\376\377\173\054\0001\172\340\000\040\117\123\212\326}{}% 2
\BOOKMARK [1][]{section.1.1}{\376\377\0001\000.\0001\000\040\000-\000c\000y\000c\000l\000o\000t\000o\000m\000i\000c\000a\000l\000l\000y\000\040\000f\000u\000l\000l\000\040\000f\000i\000e\000l\000d\000s}{chapter.1}% 3
\BOOKMARK [1][]{section.1.2}{\376\377\0001\000.\0002\000\040\000K\000u\000m\000m\000e\000r\000\040\000f\000a\000i\000t\000h\000f\000u\000l\000\040\000f\000i\000e\000l\000d\000s}{chapter.1}% 4
\BOOKMARK [1][]{section.1.3}{\376\377\0001\000.\0003\000\040\000s\000t\000a\000b\000l\000y\000\040\000\050\000p\000-\000\051\000-\000i\000n\000d\000i\000v\000i\000s\000i\000b\000l\000e\000\040\000f\000i\000e\000l\000d\000s\000,\000\040\000s\000t\000a\000b\000l\000y\000\040\000p\000-\000f\000i\000n\000i\000t\000e\000\040\000\050\000-\000f\000i\000n\000i\000t\000e\000\051\000\040\000f\000i\000e\000l\000d\000s}{chapter.1}% 5
\BOOKMARK [1][]{section.1.4}{\376\377\0001\000.\0004\000\040\000\050\000g\000e\000n\000e\000r\000a\000l\000i\000z\000e\000d\000\051\000\040\000s\000u\000b\000\040\000p\000-\000a\000d\000i\000c\000\040\000f\000i\000e\000l\000d\000s}{chapter.1}% 6
\BOOKMARK [1][]{section.1.5}{\376\377\0001\000.\0005\000\040\000h\000i\000g\000h\000e\000r\000\040\000l\000o\000c\000a\000l\000\040\000f\000i\000e\000l\000d\000s}{chapter.1}% 7
\BOOKMARK [1][]{section.1.6}{\376\377\0001\000.\0006\000\040\000H\000i\000l\000b\000e\000r\000t\000i\000a\000n\000\040\000f\000i\000e\000l\000d\000s}{chapter.1}% 8
\BOOKMARK [0][]{chapter.2}{\376\377\173\054\0002\172\340\000\040\220\140\060\242\060\374\060\331\060\353\136\176\117\125\133\146\060\153\060\112\060\121\060\213\177\244\212\326\166\204\140\047\214\352}{}% 9
\BOOKMARK [1][]{section.2.1}{\376\377\0002\000.\0001\000\040\212\370\177\244\212\326\166\204\140\047\214\352\060\156\133\232\177\251}{chapter.2}% 10
\BOOKMARK [1][]{section.2.2}{\376\377\0002\000.\0002\000\040\212\370\177\244\212\326\166\204\140\047\214\352\060\153\060\144\060\104\060\146\060\156\175\024\177\244\212\326\166\204\116\213\133\237}{chapter.2}% 11
\BOOKMARK [1][]{section.2.3}{\376\377\0002\000.\0003\000\040\117\123\060\156\175\166\133\376\000\040\000G\000a\000l\000o\000i\000s\000\040\177\244\060\153\133\376\060\131\060\213\000\040\000s\000l\000i\000m\000n\000e\000s\000s}{chapter.2}% 12
\BOOKMARK [1][]{section.2.4}{\376\377\0002\000.\0004\000\040\117\123\060\156\175\166\133\376\000\040\000G\000a\000l\000o\000i\000s\000\040\177\244\060\153\133\376\060\131\060\213\000\040\000e\000l\000a\000s\000t\000i\000c\000i\000t\000y}{chapter.2}% 13
\BOOKMARK [1][]{section.2.5}{\376\377\0002\000.\0005\000\040\117\123\060\156\175\166\133\376\000\040\000G\000a\000l\000o\000i\000s\000\040\177\244\060\153\133\376\060\131\060\213\000\040\000i\000n\000d\000e\000c\000o\000m\000p\000o\000s\000a\000b\000i\000l\000i\000t\000y}{chapter.2}% 14
\BOOKMARK [1][]{section.2.6}{\376\377\0002\000.\0006\000\040\146\362\175\332\060\156\127\372\147\054\177\244\060\153\133\376\060\131\060\213\000\040\000s\000l\000i\000m\000n\000e\000s\000s}{chapter.2}% 15
\BOOKMARK [1][]{section.2.7}{\376\377\0002\000.\0007\000\040\146\362\175\332\060\156\127\372\147\054\177\244\060\153\133\376\060\131\060\213\000\040\000e\000l\000a\000s\000t\000i\000c\000i\000t\000y}{chapter.2}% 16
\BOOKMARK [1][]{section.2.8}{\376\377\0002\000.\0008\000\040\146\362\175\332\060\156\127\372\147\054\177\244\060\153\133\376\060\131\060\213\000\040\000i\000n\000d\000e\000c\000o\000m\000p\000o\000s\000a\000b\000i\000l\000i\000t\000y}{chapter.2}% 17
\BOOKMARK [1][]{section.2.9}{\376\377\0002\000.\0009\000\040\000O\000u\000t\000\050\000F\000\051\000,\000\040\000F\000:\000\040\201\352\165\061\177\244\000\040\000o\000f\000\040\000r\000a\000n\000k\000\040\000\040\0002\000,\000\040\060\153\133\376\060\131\060\213\000\040\000s\000t\000r\000o\000n\000g\000l\000y\000\040\000i\000n\000d\000e\000c\000o\000m\000p\000o\000s\000a\000b\000i\000l\000i\000t\000y}{chapter.2}% 18
\BOOKMARK [1][]{section.2.10}{\376\377\0002\000.\0001\0000\000\040\000G\000T\000\040\060\153\133\376\060\131\060\213\000i\000n\000d\000e\000c\000o\000m\000p\000o\000s\000a\000b\000i\000l\000i\000t\000y}{chapter.2}% 19
\BOOKMARK [0][]{chapter*.1}{\376\377\123\302\200\003\145\207\163\056}{}% 20
